[2022-12-11T04:42:40.572+0000] {taskinstance.py:1165} INFO - Dependencies all met for <TaskInstance: save_to_storage.load_data manual__2022-12-11T04:42:34.524772+00:00 [queued]>
[2022-12-11T04:42:40.627+0000] {taskinstance.py:1165} INFO - Dependencies all met for <TaskInstance: save_to_storage.load_data manual__2022-12-11T04:42:34.524772+00:00 [queued]>
[2022-12-11T04:42:40.630+0000] {taskinstance.py:1362} INFO - 
--------------------------------------------------------------------------------
[2022-12-11T04:42:40.631+0000] {taskinstance.py:1363} INFO - Starting attempt 1 of 1
[2022-12-11T04:42:40.633+0000] {taskinstance.py:1364} INFO - 
--------------------------------------------------------------------------------
[2022-12-11T04:42:40.737+0000] {taskinstance.py:1383} INFO - Executing <Task(PythonOperator): load_data> on 2022-12-11 04:42:34.524772+00:00
[2022-12-11T04:42:40.753+0000] {standard_task_runner.py:55} INFO - Started process 55 to run task
[2022-12-11T04:42:40.770+0000] {standard_task_runner.py:82} INFO - Running: ['***', 'tasks', 'run', 'save_to_storage', 'load_data', 'manual__2022-12-11T04:42:34.524772+00:00', '--job-id', '2', '--raw', '--subdir', 'DAGS_FOLDER/test.py', '--cfg-path', '/tmp/tmp5pdxna39']
[2022-12-11T04:42:40.778+0000] {standard_task_runner.py:83} INFO - Job 2: Subtask load_data
[2022-12-11T04:42:41.098+0000] {task_command.py:376} INFO - Running <TaskInstance: save_to_storage.load_data manual__2022-12-11T04:42:34.524772+00:00 [running]> on host 01c108b234e9
[2022-12-11T04:42:41.552+0000] {taskinstance.py:1592} INFO - Exporting the following env vars:
AIRFLOW_CTX_DAG_OWNER=***
AIRFLOW_CTX_DAG_ID=save_to_storage
AIRFLOW_CTX_TASK_ID=load_data
AIRFLOW_CTX_EXECUTION_DATE=2022-12-11T04:42:34.524772+00:00
AIRFLOW_CTX_TRY_NUMBER=1
AIRFLOW_CTX_DAG_RUN_ID=manual__2022-12-11T04:42:34.524772+00:00
[2022-12-11T04:42:41.557+0000] {taskinstance.py:1851} ERROR - Task failed with exception
Traceback (most recent call last):
  File "/home/airflow/.local/lib/python3.7/site-packages/airflow/operators/python.py", line 175, in execute
    return_value = self.execute_callable()
  File "/home/airflow/.local/lib/python3.7/site-packages/airflow/operators/python.py", line 193, in execute_callable
    return self.python_callable(*self.op_args, **self.op_kwargs)
TypeError: save_to_google_stroage() missing 1 required positional argument: 'path'
[2022-12-11T04:42:41.610+0000] {taskinstance.py:1406} INFO - Marking task as FAILED. dag_id=save_to_storage, task_id=load_data, execution_date=20221211T044234, start_date=20221211T044240, end_date=20221211T044241
[2022-12-11T04:42:41.687+0000] {standard_task_runner.py:105} ERROR - Failed to execute job 2 for task load_data (save_to_google_stroage() missing 1 required positional argument: 'path'; 55)
[2022-12-11T04:42:41.784+0000] {local_task_job.py:164} INFO - Task exited with return code 1
[2022-12-11T04:42:41.953+0000] {local_task_job.py:273} INFO - 0 downstream tasks scheduled from follow-on schedule check
