[2022-11-25 03:52:16,022] {taskinstance.py:1159} INFO - Dependencies all met for <TaskInstance: etl_solar.checkfiles.check_energy_file_1 scheduled__2022-11-22T00:00:00+00:00 [queued]>
[2022-11-25 03:52:16,056] {taskinstance.py:1159} INFO - Dependencies all met for <TaskInstance: etl_solar.checkfiles.check_energy_file_1 scheduled__2022-11-22T00:00:00+00:00 [queued]>
[2022-11-25 03:52:16,060] {taskinstance.py:1356} INFO - 
--------------------------------------------------------------------------------
[2022-11-25 03:52:16,061] {taskinstance.py:1357} INFO - Starting attempt 1 of 1
[2022-11-25 03:52:16,062] {taskinstance.py:1358} INFO - 
--------------------------------------------------------------------------------
[2022-11-25 03:52:16,091] {taskinstance.py:1377} INFO - Executing <Task(BashOperator): checkfiles.check_energy_file_1> on 2022-11-22 00:00:00+00:00
[2022-11-25 03:52:16,118] {standard_task_runner.py:52} INFO - Started process 74 to run task
[2022-11-25 03:52:16,159] {standard_task_runner.py:79} INFO - Running: ['***', 'tasks', 'run', 'etl_solar', 'checkfiles.check_energy_file_1', 'scheduled__2022-11-22T00:00:00+00:00', '--job-id', '274', '--raw', '--subdir', 'DAGS_FOLDER/dag_preprocess.py', '--cfg-path', '/tmp/tmp2r9u1t8t', '--error-file', '/tmp/tmpq2q1ckqy']
[2022-11-25 03:52:16,161] {standard_task_runner.py:80} INFO - Job 274: Subtask checkfiles.check_energy_file_1
[2022-11-25 03:52:16,264] {warnings.py:110} WARNING - /home/***/.local/lib/python3.7/site-packages/***/configuration.py:470: DeprecationWarning: The sql_alchemy_conn option in [core] has been moved to the sql_alchemy_conn option in [database] - the old setting has been used, but please update your config.
  option = self._get_environment_variables(deprecated_key, deprecated_section, key, section)

[2022-11-25 03:52:16,541] {task_command.py:369} INFO - Running <TaskInstance: etl_solar.checkfiles.check_energy_file_1 scheduled__2022-11-22T00:00:00+00:00 [running]> on host 8a647070b091
[2022-11-25 03:52:17,066] {local_task_job.py:84} ERROR - Received SIGTERM. Terminating subprocesses
[2022-11-25 03:52:17,071] {taskinstance.py:1571} INFO - Exporting the following env vars:
AIRFLOW_CTX_DAG_OWNER=***
AIRFLOW_CTX_DAG_ID=etl_solar
AIRFLOW_CTX_TASK_ID=checkfiles.check_energy_file_1
AIRFLOW_CTX_EXECUTION_DATE=2022-11-22T00:00:00+00:00
AIRFLOW_CTX_TRY_NUMBER=1
AIRFLOW_CTX_DAG_RUN_ID=scheduled__2022-11-22T00:00:00+00:00
[2022-11-25 03:52:17,075] {subprocess.py:62} INFO - Tmp dir root location: 
 /tmp
[2022-11-25 03:52:17,076] {subprocess.py:74} INFO - Running command: ['bash', '-c', '/opt/***/utilities/check_file.sh /opt/***/utilities/storage/energy_1.csv']
[2022-11-25 03:52:17,098] {subprocess.py:85} INFO - Output:
[2022-11-25 03:52:17,116] {subprocess.py:92} INFO - File /opt/***/utilities/storage/energy_1.csv does not exist
[2022-11-25 03:52:17,117] {subprocess.py:96} INFO - Command exited with return code 0
[2022-11-25 03:52:17,131] {process_utils.py:129} INFO - Sending Signals.SIGTERM to group 74. PIDs of all processes in the group: [74]
[2022-11-25 03:52:17,132] {process_utils.py:80} INFO - Sending the signal Signals.SIGTERM to group 74
[2022-11-25 03:52:17,132] {taskinstance.py:1541} ERROR - Received SIGTERM. Terminating subprocesses.
[2022-11-25 03:52:17,140] {subprocess.py:103} INFO - Sending SIGTERM signal to process group
[2022-11-25 03:52:17,164] {taskinstance.py:1889} ERROR - Task failed with exception
Traceback (most recent call last):
  File "/home/airflow/.local/lib/python3.7/site-packages/airflow/utils/session.py", line 68, in wrapper
    return func(*args, **kwargs)
  File "/home/airflow/.local/lib/python3.7/site-packages/airflow/models/taskinstance.py", line 2380, in xcom_push
    session=session,
  File "/home/airflow/.local/lib/python3.7/site-packages/airflow/utils/session.py", line 68, in wrapper
    return func(*args, **kwargs)
  File "/home/airflow/.local/lib/python3.7/site-packages/airflow/models/xcom.py", line 206, in set
    cls.map_index == map_index,
  File "/home/airflow/.local/lib/python3.7/site-packages/sqlalchemy/orm/query.py", line 3111, in delete
    execution_options={"synchronize_session": synchronize_session},
  File "/home/airflow/.local/lib/python3.7/site-packages/sqlalchemy/orm/session.py", line 1670, in execute
    result = conn._execute_20(statement, params or {}, execution_options)
  File "/home/airflow/.local/lib/python3.7/site-packages/sqlalchemy/engine/base.py", line 1520, in _execute_20
    return meth(self, args_10style, kwargs_10style, execution_options)
  File "/home/airflow/.local/lib/python3.7/site-packages/sqlalchemy/sql/elements.py", line 314, in _execute_on_connection
    self, multiparams, params, execution_options
  File "/home/airflow/.local/lib/python3.7/site-packages/sqlalchemy/engine/base.py", line 1387, in _execute_clauseelement
    linting=self.dialect.compiler_linting | compiler.WARN_LINTING,
  File "/home/airflow/.local/lib/python3.7/site-packages/sqlalchemy/sql/elements.py", line 541, in _compile_w_cache
    **kw
  File "/home/airflow/.local/lib/python3.7/site-packages/sqlalchemy/sql/elements.py", line 570, in _compiler
    return dialect.statement_compiler(dialect, self, **kw)
  File "/home/airflow/.local/lib/python3.7/site-packages/sqlalchemy/sql/compiler.py", line 766, in __init__
    Compiled.__init__(self, dialect, statement, **kwargs)
  File "/home/airflow/.local/lib/python3.7/site-packages/sqlalchemy/sql/compiler.py", line 455, in __init__
    self.string = self.process(self.statement, **compile_kwargs)
  File "/home/airflow/.local/lib/python3.7/site-packages/sqlalchemy/sql/compiler.py", line 490, in process
    return obj._compiler_dispatch(self, **kwargs)
  File "/home/airflow/.local/lib/python3.7/site-packages/sqlalchemy/sql/annotation.py", line 196, in _compiler_dispatch
    return self.__element.__class__._compiler_dispatch(self, visitor, **kw)
  File "/home/airflow/.local/lib/python3.7/site-packages/sqlalchemy/sql/visitors.py", line 81, in _compiler_dispatch
    return meth(self, **kw)
  File "/home/airflow/.local/lib/python3.7/site-packages/sqlalchemy/sql/compiler.py", line 3733, in visit_delete
    delete_stmt, self, **kw
  File "/home/airflow/.local/lib/python3.7/site-packages/sqlalchemy/sql/base.py", line 501, in create_for_statement
    return klass.create_for_statement(statement, compiler, **kw)
  File "/home/airflow/.local/lib/python3.7/site-packages/sqlalchemy/orm/persistence.py", line 2321, in create_for_statement
    DeleteDMLState.__init__(self, statement, compiler, **kw)
  File "/home/airflow/.local/lib/python3.7/site-packages/sqlalchemy/sql/dml.py", line 193, in __init__
    self._extra_froms = self._make_extra_froms(statement)
  File "/home/airflow/.local/lib/python3.7/site-packages/sqlalchemy/sql/dml.py", line 66, in _make_extra_froms
    froms.extend(all_tables[1:])
  File "/home/airflow/.local/lib/python3.7/site-packages/airflow/models/taskinstance.py", line 1542, in signal_handler
    self.task.on_kill()
  File "/home/airflow/.local/lib/python3.7/site-packages/airflow/operators/bash.py", line 200, in on_kill
    self.subprocess_hook.send_sigterm()
  File "/home/airflow/.local/lib/python3.7/site-packages/airflow/hooks/subprocess.py", line 105, in send_sigterm
    os.killpg(os.getpgid(self.sub_process.pid), signal.SIGTERM)
ProcessLookupError: [Errno 3] No such process
[2022-11-25 03:52:17,263] {taskinstance.py:1400} INFO - Marking task as FAILED. dag_id=etl_solar, task_id=checkfiles.check_energy_file_1, execution_date=20221122T000000, start_date=20221125T035216, end_date=20221125T035217
[2022-11-25 03:52:17,307] {standard_task_runner.py:97} ERROR - Failed to execute job 274 for task checkfiles.check_energy_file_1 ([Errno 3] No such process; 74)
[2022-11-25 03:52:17,350] {process_utils.py:75} INFO - Process psutil.Process(pid=74, status='terminated', exitcode=1, started='03:52:15') (74) terminated with exit code 1
[2022-11-25 03:52:17,351] {local_task_job.py:156} INFO - Task exited with return code 143
[2022-11-25 03:52:17,594] {local_task_job.py:273} INFO - 0 downstream tasks scheduled from follow-on schedule check
